<?xml version="1.0" encoding="UTF-8"?>
<!-- Generated by org.testng.reporters.JUnitXMLReporter -->
<testsuite hostname="INBASDPC06818" ignored="0" name="WilsonartUS" tests="3" failures="1" timestamp="14 Jul 2019 08:07:21 GMT" time="24.757" errors="0">
  <testcase name="test1" time="0.009" classname="tests.WilsonartUS">
    <failure type="java.lang.AssertionError" message="expected [false] but found [true]">
      <![CDATA[java.lang.AssertionError: expected [false] but found [true]
at tests.WilsonartUS.test1(WilsonartUS.java:28)
at java.util.concurrent.ThreadPoolExecutor.runWorker(Unknown Source)
at java.util.concurrent.ThreadPoolExecutor$Worker.run(Unknown Source)
at java.lang.Thread.run(Unknown Source)
... Removed 14 stack frames]]>
    </failure>
  </testcase> <!-- test1 -->
  <testcase name="test2" time="0.012" classname="tests.WilsonartUS"/>
  <testcase name="testlinks" time="9.29" classname="tests.WilsonartUS"/>
</testsuite> <!-- WilsonartUS -->
