<?xml version="1.0" encoding="UTF-8"?>
<testng-results skipped="0" failed="0" ignored="0" total="1" passed="1">
  <reporter-output>
    <line>
      <![CDATA[=====Browser Session Started=====]]>
    </line>
    <line>
      <![CDATA[browser is chrome]]>
    </line>
    <line>
      <![CDATA[=====Application has Started======]]>
    </line>
    <line>
      <![CDATA[======Browser Session Ended=======]]>
    </line>
  </reporter-output>
  <suite name="b2c sanity" duration-ms="0" started-at="2019-10-23T12:57:42Z" finished-at="2019-10-23T12:57:42Z">
    <groups>
    </groups>
  </suite> <!-- b2c sanity -->
  <suite name="WA-US test suite" duration-ms="82502" started-at="2019-10-23T12:56:19Z" finished-at="2019-10-23T12:57:41Z">
    <groups>
    </groups>
    <test name="US" duration-ms="82502" started-at="2019-10-23T12:56:19Z" finished-at="2019-10-23T12:57:41Z">
      <class name="tests.US">
        <test-method status="PASS" signature="SetupApplication(java.lang.String)[pri:0, instance:tests.US@57baeedf]" name="SetupApplication" is-config="true" duration-ms="19201" started-at="2019-10-23T12:56:19Z" finished-at="2019-10-23T12:56:38Z">
          <params>
            <param index="0">
              <value>
                <![CDATA[chrome]]>
              </value>
            </param>
          </params>
          <reporter-output>
            <line>
              <![CDATA[=====Browser Session Started=====]]>
            </line>
            <line>
              <![CDATA[browser is chrome]]>
            </line>
            <line>
              <![CDATA[=====Application has Started======]]>
            </line>
          </reporter-output>
        </test-method> <!-- SetupApplication -->
        <test-method status="PASS" signature="New_Account_Registration(java.lang.String, java.lang.String, java.lang.String, java.lang.String, java.lang.String)[pri:0, instance:tests.US@57baeedf]" name="New_Account_Registration" duration-ms="62440" started-at="2019-10-23T12:56:38Z" finished-at="2019-10-23T12:57:41Z">
          <params>
            <param index="0">
              <value>
                <![CDATA[venkat]]>
              </value>
            </param>
            <param index="1">
              <value>
                <![CDATA[palle]]>
              </value>
            </param>
            <param index="2">
              <value>
                <![CDATA[techm]]>
              </value>
            </param>
            <param index="3">
              <value>
                <![CDATA[venkatram.palle@gmail.com]]>
              </value>
            </param>
            <param index="4">
              <value>
                <![CDATA[test123]]>
              </value>
            </param>
          </params>
          <reporter-output>
          </reporter-output>
        </test-method> <!-- New_Account_Registration -->
        <test-method status="PASS" signature="CloseApplication()[pri:0, instance:tests.US@57baeedf]" name="CloseApplication" is-config="true" duration-ms="837" started-at="2019-10-23T12:57:41Z" finished-at="2019-10-23T12:57:41Z">
          <reporter-output>
            <line>
              <![CDATA[======Browser Session Ended=======]]>
            </line>
          </reporter-output>
        </test-method> <!-- CloseApplication -->
      </class> <!-- tests.US -->
    </test> <!-- US -->
  </suite> <!-- WA-US test suite -->
</testng-results>
