<?xml version="1.0" encoding="UTF-8"?>
<testng-results skipped="0" failed="3" ignored="0" total="7" passed="4">
  <reporter-output>
    <line>
      <![CDATA[=====Browser Session Started=====]]>
    </line>
    <line>
      <![CDATA[browser is chrome]]>
    </line>
    <line>
      <![CDATA[=====Application has Started======]]>
    </line>
    <line>
      <![CDATA[======Browser Session End=======]]>
    </line>
    <line>
      <![CDATA[=====Browser Session Started=====]]>
    </line>
    <line>
      <![CDATA[browser is chrome]]>
    </line>
    <line>
      <![CDATA[=====Application has Started======]]>
    </line>
    <line>
      <![CDATA[======Browser Session End=======]]>
    </line>
  </reporter-output>
  <suite name="b2c sanity" duration-ms="0" started-at="2019-09-18T09:44:23Z" finished-at="2019-09-18T09:44:23Z">
    <groups>
    </groups>
  </suite> <!-- b2c sanity -->
  <suite name="WA-US test suite" duration-ms="52098" started-at="2019-09-18T09:42:34Z" finished-at="2019-09-18T09:43:26Z">
    <groups>
    </groups>
    <test name="US" duration-ms="52098" started-at="2019-09-18T09:42:34Z" finished-at="2019-09-18T09:43:26Z">
      <class name="tests.US">
        <test-method status="PASS" signature="SetupApplication(java.lang.String)[pri:0, instance:tests.US@1e7c7811]" name="SetupApplication" is-config="true" duration-ms="16758" started-at="2019-09-18T09:42:34Z" finished-at="2019-09-18T09:42:51Z">
          <params>
            <param index="0">
              <value>
                <![CDATA[chrome]]>
              </value>
            </param>
          </params>
          <reporter-output>
            <line>
              <![CDATA[=====Browser Session Started=====]]>
            </line>
            <line>
              <![CDATA[browser is chrome]]>
            </line>
            <line>
              <![CDATA[=====Application has Started======]]>
            </line>
          </reporter-output>
        </test-method> <!-- SetupApplication -->
        <test-method status="PASS" signature="signin(java.lang.String, java.lang.String)[pri:0, instance:tests.US@1e7c7811]" name="signin" duration-ms="34475" started-at="2019-09-18T09:42:51Z" finished-at="2019-09-18T09:43:26Z">
          <params>
            <param index="0">
              <value>
                <![CDATA[vp00465875@techmahindra.com]]>
              </value>
            </param>
            <param index="1">
              <value>
                <![CDATA[8veNKat5#]]>
              </value>
            </param>
          </params>
          <reporter-output>
          </reporter-output>
        </test-method> <!-- signin -->
        <test-method status="FAIL" signature="validate_footerlinks()[pri:0, instance:tests.US@1e7c7811]" name="validate_footerlinks" duration-ms="7" started-at="2019-09-18T09:42:51Z" finished-at="2019-09-18T09:42:51Z">
          <exception class="java.lang.AssertionError">
            <message>
              <![CDATA[expected [false] but found [true]]]>
            </message>
            <full-stacktrace>
              <![CDATA[java.lang.AssertionError: expected [false] but found [true]
at org.testng.Assert.fail(Assert.java:96)
at org.testng.Assert.failNotEquals(Assert.java:776)
at org.testng.Assert.assertFalse(Assert.java:65)
at org.testng.Assert.assertFalse(Assert.java:75)
at tests.US.validate_footerlinks(US.java:52)
at sun.reflect.NativeMethodAccessorImpl.invoke0(Native Method)
at sun.reflect.NativeMethodAccessorImpl.invoke(Unknown Source)
at sun.reflect.DelegatingMethodAccessorImpl.invoke(Unknown Source)
at java.lang.reflect.Method.invoke(Unknown Source)
at org.testng.internal.MethodInvocationHelper.invokeMethod(MethodInvocationHelper.java:124)
at org.testng.internal.Invoker.invokeMethod(Invoker.java:580)
at org.testng.internal.Invoker.invokeTestMethod(Invoker.java:716)
at org.testng.internal.Invoker.invokeTestMethods(Invoker.java:988)
at org.testng.internal.TestMethodWorker.invokeTestMethods(TestMethodWorker.java:125)
at org.testng.internal.TestMethodWorker.run(TestMethodWorker.java:109)
at java.util.concurrent.ThreadPoolExecutor.runWorker(Unknown Source)
at java.util.concurrent.ThreadPoolExecutor$Worker.run(Unknown Source)
at java.lang.Thread.run(Unknown Source)
]]>
            </full-stacktrace>
          </exception> <!-- java.lang.AssertionError -->
          <reporter-output>
          </reporter-output>
        </test-method> <!-- validate_footerlinks -->
        <test-method status="FAIL" signature="validate_sidemenulinks()[pri:0, instance:tests.US@1e7c7811]" name="validate_sidemenulinks" duration-ms="7" started-at="2019-09-18T09:42:51Z" finished-at="2019-09-18T09:42:51Z">
          <exception class="java.lang.AssertionError">
            <message>
              <![CDATA[expected [false] but found [true]]]>
            </message>
            <full-stacktrace>
              <![CDATA[java.lang.AssertionError: expected [false] but found [true]
at org.testng.Assert.fail(Assert.java:96)
at org.testng.Assert.failNotEquals(Assert.java:776)
at org.testng.Assert.assertFalse(Assert.java:65)
at org.testng.Assert.assertFalse(Assert.java:75)
at tests.US.validate_sidemenulinks(US.java:64)
at sun.reflect.NativeMethodAccessorImpl.invoke0(Native Method)
at sun.reflect.NativeMethodAccessorImpl.invoke(Unknown Source)
at sun.reflect.DelegatingMethodAccessorImpl.invoke(Unknown Source)
at java.lang.reflect.Method.invoke(Unknown Source)
at org.testng.internal.MethodInvocationHelper.invokeMethod(MethodInvocationHelper.java:124)
at org.testng.internal.Invoker.invokeMethod(Invoker.java:580)
at org.testng.internal.Invoker.invokeTestMethod(Invoker.java:716)
at org.testng.internal.Invoker.invokeTestMethods(Invoker.java:988)
at org.testng.internal.TestMethodWorker.invokeTestMethods(TestMethodWorker.java:125)
at org.testng.internal.TestMethodWorker.run(TestMethodWorker.java:109)
at java.util.concurrent.ThreadPoolExecutor.runWorker(Unknown Source)
at java.util.concurrent.ThreadPoolExecutor$Worker.run(Unknown Source)
at java.lang.Thread.run(Unknown Source)
]]>
            </full-stacktrace>
          </exception> <!-- java.lang.AssertionError -->
          <reporter-output>
          </reporter-output>
        </test-method> <!-- validate_sidemenulinks -->
        <test-method status="PASS" signature="validate_topmenulinks()[pri:0, instance:tests.US@1e7c7811]" name="validate_topmenulinks" duration-ms="7" started-at="2019-09-18T09:42:51Z" finished-at="2019-09-18T09:42:51Z">
          <reporter-output>
          </reporter-output>
        </test-method> <!-- validate_topmenulinks -->
        <test-method status="PASS" signature="CloseApplication()[pri:0, instance:tests.US@1e7c7811]" name="CloseApplication" is-config="true" duration-ms="847" started-at="2019-09-18T09:43:26Z" finished-at="2019-09-18T09:43:26Z">
          <reporter-output>
            <line>
              <![CDATA[======Browser Session End=======]]>
            </line>
          </reporter-output>
        </test-method> <!-- CloseApplication -->
      </class> <!-- tests.US -->
    </test> <!-- US -->
  </suite> <!-- WA-US test suite -->
  <suite name="WA-Polyrey test suite" duration-ms="56027" started-at="2019-09-18T09:43:26Z" finished-at="2019-09-18T09:44:22Z">
    <groups>
    </groups>
    <test name="Polyrey" duration-ms="56027" started-at="2019-09-18T09:43:26Z" finished-at="2019-09-18T09:44:22Z">
      <class name="tests.Polyrey">
        <test-method status="PASS" signature="SetupApplication(java.lang.String)[pri:0, instance:tests.Polyrey@74a10858]" name="SetupApplication" is-config="true" duration-ms="24178" started-at="2019-09-18T09:43:26Z" finished-at="2019-09-18T09:43:51Z">
          <params>
            <param index="0">
              <value>
                <![CDATA[chrome]]>
              </value>
            </param>
          </params>
          <reporter-output>
            <line>
              <![CDATA[=====Browser Session Started=====]]>
            </line>
            <line>
              <![CDATA[browser is chrome]]>
            </line>
            <line>
              <![CDATA[=====Application has Started======]]>
            </line>
          </reporter-output>
        </test-method> <!-- SetupApplication -->
        <test-method status="PASS" signature="signin(java.lang.String, java.lang.String)[pri:0, instance:tests.Polyrey@74a10858]" name="signin" duration-ms="30983" started-at="2019-09-18T09:43:51Z" finished-at="2019-09-18T09:44:22Z">
          <params>
            <param index="0">
              <value>
                <![CDATA[na0084938@techmahindra.com]]>
              </value>
            </param>
            <param index="1">
              <value>
                <![CDATA[Polyrey1987]]>
              </value>
            </param>
          </params>
          <reporter-output>
          </reporter-output>
        </test-method> <!-- signin -->
        <test-method status="PASS" signature="validate_topmenulinks()[pri:0, instance:tests.Polyrey@74a10858]" name="validate_topmenulinks" duration-ms="2" started-at="2019-09-18T09:43:51Z" finished-at="2019-09-18T09:43:51Z">
          <reporter-output>
          </reporter-output>
        </test-method> <!-- validate_topmenulinks -->
        <test-method status="FAIL" signature="validate_footerlinks()[pri:0, instance:tests.Polyrey@74a10858]" name="validate_footerlinks" duration-ms="1" started-at="2019-09-18T09:43:51Z" finished-at="2019-09-18T09:43:51Z">
          <exception class="java.lang.AssertionError">
            <message>
              <![CDATA[expected [false] but found [true]]]>
            </message>
            <full-stacktrace>
              <![CDATA[java.lang.AssertionError: expected [false] but found [true]
at org.testng.Assert.fail(Assert.java:96)
at org.testng.Assert.failNotEquals(Assert.java:776)
at org.testng.Assert.assertFalse(Assert.java:65)
at org.testng.Assert.assertFalse(Assert.java:75)
at tests.Polyrey.validate_footerlinks(Polyrey.java:49)
at sun.reflect.NativeMethodAccessorImpl.invoke0(Native Method)
at sun.reflect.NativeMethodAccessorImpl.invoke(Unknown Source)
at sun.reflect.DelegatingMethodAccessorImpl.invoke(Unknown Source)
at java.lang.reflect.Method.invoke(Unknown Source)
at org.testng.internal.MethodInvocationHelper.invokeMethod(MethodInvocationHelper.java:124)
at org.testng.internal.Invoker.invokeMethod(Invoker.java:580)
at org.testng.internal.Invoker.invokeTestMethod(Invoker.java:716)
at org.testng.internal.Invoker.invokeTestMethods(Invoker.java:988)
at org.testng.internal.TestMethodWorker.invokeTestMethods(TestMethodWorker.java:125)
at org.testng.internal.TestMethodWorker.run(TestMethodWorker.java:109)
at java.util.concurrent.ThreadPoolExecutor.runWorker(Unknown Source)
at java.util.concurrent.ThreadPoolExecutor$Worker.run(Unknown Source)
at java.lang.Thread.run(Unknown Source)
]]>
            </full-stacktrace>
          </exception> <!-- java.lang.AssertionError -->
          <reporter-output>
          </reporter-output>
        </test-method> <!-- validate_footerlinks -->
        <test-method status="PASS" signature="CloseApplication()[pri:0, instance:tests.Polyrey@74a10858]" name="CloseApplication" is-config="true" duration-ms="862" started-at="2019-09-18T09:44:22Z" finished-at="2019-09-18T09:44:22Z">
          <reporter-output>
            <line>
              <![CDATA[======Browser Session End=======]]>
            </line>
          </reporter-output>
        </test-method> <!-- CloseApplication -->
      </class> <!-- tests.Polyrey -->
    </test> <!-- Polyrey -->
  </suite> <!-- WA-Polyrey test suite -->
</testng-results>
