<?xml version="1.0" encoding="UTF-8"?>
<testng-results skipped="0" failed="0" total="1" passed="1">
  <reporter-output>
    <line>
      <![CDATA[=====Browser Session Started=====]]>
    </line>
    <line>
      <![CDATA[browser is chrome]]>
    </line>
    <line>
      <![CDATA[=====Application has Started======]]>
    </line>
  </reporter-output>
  <suite name="b2c sanity" duration-ms="0" started-at="2020-01-07T07:38:21Z" finished-at="2020-01-07T07:38:21Z">
    <groups>
    </groups>
  </suite> <!-- b2c sanity -->
  <suite name="WA-US test suite" duration-ms="83338" started-at="2020-01-07T07:36:57Z" finished-at="2020-01-07T07:38:21Z">
    <groups>
    </groups>
    <test name="US" duration-ms="83338" started-at="2020-01-07T07:36:57Z" finished-at="2020-01-07T07:38:21Z">
      <class name="tests.US">
        <test-method status="PASS" signature="SetupApplication(java.lang.String)[pri:0, instance:tests.US@3abbfa04]" name="SetupApplication" is-config="true" duration-ms="19766" started-at="2020-01-07T13:06:57Z" finished-at="2020-01-07T13:07:17Z">
          <params>
            <param index="0">
              <value>
                <![CDATA[chrome]]>
              </value>
            </param>
          </params>
          <reporter-output>
            <line>
              <![CDATA[=====Browser Session Started=====]]>
            </line>
            <line>
              <![CDATA[browser is chrome]]>
            </line>
            <line>
              <![CDATA[=====Application has Started======]]>
            </line>
          </reporter-output>
        </test-method> <!-- SetupApplication -->
        <test-method status="PASS" signature="Checkout()[pri:0, instance:tests.US@3abbfa04]" name="Checkout" duration-ms="63556" started-at="2020-01-07T13:07:17Z" finished-at="2020-01-07T13:08:21Z">
          <reporter-output>
          </reporter-output>
        </test-method> <!-- Checkout -->
      </class> <!-- tests.US -->
    </test> <!-- US -->
  </suite> <!-- WA-US test suite -->
</testng-results>
