<?xml version="1.0" encoding="UTF-8"?>
<testng-results skipped="0" failed="0" ignored="0" total="1" passed="1">
  <reporter-output>
    <line>
      <![CDATA[=====Browser Session Started=====]]>
    </line>
    <line>
      <![CDATA[browser is chrome]]>
    </line>
    <line>
      <![CDATA[=====Application has Started======]]>
    </line>
    <line>
      <![CDATA[======Browser Session Ended=======]]>
    </line>
  </reporter-output>
  <suite name="b2c sanity" duration-ms="0" started-at="2019-10-23T08:04:33Z" finished-at="2019-10-23T08:04:33Z">
    <groups>
    </groups>
  </suite> <!-- b2c sanity -->
  <suite name="WA-US test suite" duration-ms="26051" started-at="2019-10-23T08:04:06Z" finished-at="2019-10-23T08:04:33Z">
    <groups>
    </groups>
    <test name="US" duration-ms="26051" started-at="2019-10-23T08:04:06Z" finished-at="2019-10-23T08:04:33Z">
      <class name="tests.US">
        <test-method status="PASS" signature="SetupApplication(java.lang.String)[pri:0, instance:tests.US@57baeedf]" name="SetupApplication" is-config="true" duration-ms="25140" started-at="2019-10-23T08:04:06Z" finished-at="2019-10-23T08:04:32Z">
          <params>
            <param index="0">
              <value>
                <![CDATA[chrome]]>
              </value>
            </param>
          </params>
          <reporter-output>
            <line>
              <![CDATA[=====Browser Session Started=====]]>
            </line>
            <line>
              <![CDATA[browser is chrome]]>
            </line>
            <line>
              <![CDATA[=====Application has Started======]]>
            </line>
          </reporter-output>
        </test-method> <!-- SetupApplication -->
        <test-method status="PASS" signature="Product_Listing()[pri:0, instance:tests.US@57baeedf]" name="Product_Listing" duration-ms="112" started-at="2019-10-23T08:04:32Z" finished-at="2019-10-23T08:04:32Z">
          <reporter-output>
          </reporter-output>
        </test-method> <!-- Product_Listing -->
        <test-method status="PASS" signature="CloseApplication()[pri:0, instance:tests.US@57baeedf]" name="CloseApplication" is-config="true" duration-ms="781" started-at="2019-10-23T08:04:32Z" finished-at="2019-10-23T08:04:33Z">
          <reporter-output>
            <line>
              <![CDATA[======Browser Session Ended=======]]>
            </line>
          </reporter-output>
        </test-method> <!-- CloseApplication -->
      </class> <!-- tests.US -->
    </test> <!-- US -->
  </suite> <!-- WA-US test suite -->
</testng-results>
