<?xml version="1.0" encoding="UTF-8"?>
<!-- Generated by org.testng.reporters.JUnitXMLReporter -->
<testsuite hostname="INBASDPC06818" ignored="0" name="Polyrey" tests="3" failures="1" timestamp="18 Sep 2019 09:44:23 GMT" time="56.027" errors="0">
  <testcase name="validate_topmenulinks" time="0.002" classname="tests.Polyrey"/>
  <testcase name="validate_footerlinks" time="0.001" classname="tests.Polyrey">
    <failure type="java.lang.AssertionError" message="expected [false] but found [true]">
      <![CDATA[java.lang.AssertionError: expected [false] but found [true]
at tests.Polyrey.validate_footerlinks(Polyrey.java:49)
at java.util.concurrent.ThreadPoolExecutor.runWorker(Unknown Source)
at java.util.concurrent.ThreadPoolExecutor$Worker.run(Unknown Source)
at java.lang.Thread.run(Unknown Source)
... Removed 14 stack frames]]>
    </failure>
  </testcase> <!-- validate_footerlinks -->
  <testcase name="signin" time="30.983" classname="tests.Polyrey"/>
</testsuite> <!-- Polyrey -->
